resnet_v2_50/postnorm/moving_variance (DT_FLOAT) [2048]
resnet_v2_50/postnorm/moving_mean (DT_FLOAT) [2048]
resnet_v2_50/postnorm/gamma/Momentum (DT_FLOAT) [2048]
resnet_v2_50/postnorm/gamma/ExponentialMovingAverage (DT_FLOAT) [2048]
resnet_v2_50/postnorm/beta/ExponentialMovingAverage (DT_FLOAT) [2048]
resnet_v2_50/logits/biases/ExponentialMovingAverage (DT_FLOAT) [1001]
resnet_v2_50/logits/biases (DT_FLOAT) [1001]
resnet_v2_50/conv1/weights/Momentum (DT_FLOAT) [7,7,3,64]
resnet_v2_50/conv1/weights (DT_FLOAT) [7,7,3,64]
resnet_v2_50/conv1/biases/ExponentialMovingAverage (DT_FLOAT) [64]
resnet_v2_50/block4/unit_3/bottleneck_v2/preact/moving_variance/ExponentialMovingAverage (DT_FLOAT) [2048]
resnet_v2_50/block4/unit_3/bottleneck_v2/preact/moving_mean (DT_FLOAT) [2048]
resnet_v2_50/block4/unit_3/bottleneck_v2/preact/gamma/Momentum (DT_FLOAT) [2048]
resnet_v2_50/block4/unit_3/bottleneck_v2/preact/gamma (DT_FLOAT) [2048]
resnet_v2_50/block4/unit_3/bottleneck_v2/conv3/weights (DT_FLOAT) [1,1,512,2048]
resnet_v2_50/block4/unit_3/bottleneck_v2/conv3/biases/ExponentialMovingAverage (DT_FLOAT) [2048]
resnet_v2_50/block4/unit_3/bottleneck_v2/conv3/biases (DT_FLOAT) [2048]
resnet_v2_50/block4/unit_3/bottleneck_v2/conv2/weights (DT_FLOAT) [3,3,512,512]
resnet_v2_50/block4/unit_3/bottleneck_v2/conv2/BatchNorm/moving_mean/ExponentialMovingAverage (DT_FLOAT) [512]
resnet_v2_50/block4/unit_3/bottleneck_v2/conv2/BatchNorm/moving_mean (DT_FLOAT) [512]
resnet_v2_50/block4/unit_3/bottleneck_v2/conv2/BatchNorm/gamma/ExponentialMovingAverage (DT_FLOAT) [512]
resnet_v2_50/block4/unit_3/bottleneck_v2/conv1/weights/Momentum (DT_FLOAT) [1,1,2048,512]
resnet_v2_50/block4/unit_3/bottleneck_v2/conv1/BatchNorm/moving_variance/ExponentialMovingAverage (DT_FLOAT) [512]
resnet_v2_50/block4/unit_3/bottleneck_v2/conv1/BatchNorm/moving_variance (DT_FLOAT) [512]
resnet_v2_50/block4/unit_3/bottleneck_v2/conv1/BatchNorm/moving_mean/ExponentialMovingAverage (DT_FLOAT) [512]
resnet_v2_50/block4/unit_3/bottleneck_v2/conv3/biases/Momentum (DT_FLOAT) [2048]
resnet_v2_50/block4/unit_3/bottleneck_v2/conv1/BatchNorm/gamma/ExponentialMovingAverage (DT_FLOAT) [512]
resnet_v2_50/block4/unit_3/bottleneck_v2/conv1/BatchNorm/beta (DT_FLOAT) [512]
resnet_v2_50/block4/unit_2/bottleneck_v2/preact/moving_variance/ExponentialMovingAverage (DT_FLOAT) [2048]
resnet_v2_50/block4/unit_3/bottleneck_v2/preact/moving_variance (DT_FLOAT) [2048]
resnet_v2_50/block4/unit_2/bottleneck_v2/preact/moving_mean/ExponentialMovingAverage (DT_FLOAT) [2048]
resnet_v2_50/block4/unit_2/bottleneck_v2/preact/beta/ExponentialMovingAverage (DT_FLOAT) [2048]
resnet_v2_50/block4/unit_2/bottleneck_v2/conv3/weights/ExponentialMovingAverage (DT_FLOAT) [1,1,512,2048]
resnet_v2_50/block4/unit_2/bottleneck_v2/conv3/biases/Momentum (DT_FLOAT) [2048]
resnet_v2_50/block4/unit_2/bottleneck_v2/conv3/weights/Momentum (DT_FLOAT) [1,1,512,2048]
resnet_v2_50/block4/unit_2/bottleneck_v2/conv3/biases/ExponentialMovingAverage (DT_FLOAT) [2048]
resnet_v2_50/block4/unit_2/bottleneck_v2/conv3/biases (DT_FLOAT) [2048]
resnet_v2_50/block4/unit_2/bottleneck_v2/conv2/weights/ExponentialMovingAverage (DT_FLOAT) [3,3,512,512]
resnet_v2_50/block4/unit_2/bottleneck_v2/conv2/BatchNorm/moving_variance/ExponentialMovingAverage (DT_FLOAT) [512]
resnet_v2_50/block4/unit_2/bottleneck_v2/conv2/BatchNorm/moving_variance (DT_FLOAT) [512]
resnet_v2_50/block4/unit_2/bottleneck_v2/conv2/BatchNorm/moving_mean/ExponentialMovingAverage (DT_FLOAT) [512]
resnet_v2_50/block4/unit_2/bottleneck_v2/conv2/BatchNorm/gamma (DT_FLOAT) [512]
resnet_v2_50/block4/unit_2/bottleneck_v2/conv2/BatchNorm/beta/Momentum (DT_FLOAT) [512]
resnet_v2_50/block4/unit_2/bottleneck_v2/conv2/BatchNorm/beta/ExponentialMovingAverage (DT_FLOAT) [512]
resnet_v2_50/block4/unit_2/bottleneck_v2/conv2/BatchNorm/beta (DT_FLOAT) [512]
resnet_v2_50/block4/unit_2/bottleneck_v2/conv1/weights/ExponentialMovingAverage (DT_FLOAT) [1,1,2048,512]
resnet_v2_50/block4/unit_2/bottleneck_v2/conv1/BatchNorm/moving_variance (DT_FLOAT) [512]
resnet_v2_50/block4/unit_2/bottleneck_v2/conv1/BatchNorm/moving_mean/ExponentialMovingAverage (DT_FLOAT) [512]
resnet_v2_50/block4/unit_2/bottleneck_v2/preact/gamma (DT_FLOAT) [2048]
resnet_v2_50/block4/unit_2/bottleneck_v2/conv1/BatchNorm/gamma/ExponentialMovingAverage (DT_FLOAT) [512]
resnet_v2_50/block4/unit_2/bottleneck_v2/conv1/BatchNorm/gamma (DT_FLOAT) [512]
resnet_v2_50/block4/unit_3/bottleneck_v2/conv1/BatchNorm/beta/Momentum (DT_FLOAT) [512]
resnet_v2_50/block4/unit_2/bottleneck_v2/conv1/BatchNorm/beta/Momentum (DT_FLOAT) [512]
resnet_v2_50/block4/unit_2/bottleneck_v2/conv1/BatchNorm/beta (DT_FLOAT) [512]
resnet_v2_50/block4/unit_1/bottleneck_v2/shortcut/biases/Momentum (DT_FLOAT) [2048]
resnet_v2_50/block4/unit_1/bottleneck_v2/preact/moving_variance (DT_FLOAT) [1024]
resnet_v2_50/block4/unit_1/bottleneck_v2/preact/moving_mean/ExponentialMovingAverage (DT_FLOAT) [1024]
resnet_v2_50/block4/unit_1/bottleneck_v2/preact/moving_mean (DT_FLOAT) [1024]
resnet_v2_50/block4/unit_1/bottleneck_v2/preact/gamma/Momentum (DT_FLOAT) [1024]
resnet_v2_50/block4/unit_2/bottleneck_v2/conv1/weights (DT_FLOAT) [1,1,2048,512]
resnet_v2_50/block4/unit_1/bottleneck_v2/preact/beta (DT_FLOAT) [1024]
resnet_v2_50/block4/unit_1/bottleneck_v2/conv3/weights/ExponentialMovingAverage (DT_FLOAT) [1,1,512,2048]
resnet_v2_50/block4/unit_1/bottleneck_v2/conv3/weights (DT_FLOAT) [1,1,512,2048]
resnet_v2_50/block4/unit_1/bottleneck_v2/conv3/biases/ExponentialMovingAverage (DT_FLOAT) [2048]
resnet_v2_50/block4/unit_1/bottleneck_v2/conv2/weights/Momentum (DT_FLOAT) [3,3,512,512]
resnet_v2_50/block4/unit_1/bottleneck_v2/conv2/BatchNorm/moving_variance/ExponentialMovingAverage (DT_FLOAT) [512]
resnet_v2_50/block4/unit_1/bottleneck_v2/conv2/BatchNorm/moving_mean/ExponentialMovingAverage (DT_FLOAT) [512]
resnet_v2_50/block4/unit_1/bottleneck_v2/conv2/BatchNorm/moving_mean (DT_FLOAT) [512]
resnet_v2_50/block4/unit_1/bottleneck_v2/conv2/BatchNorm/beta/ExponentialMovingAverage (DT_FLOAT) [512]
resnet_v2_50/block4/unit_1/bottleneck_v2/conv1/BatchNorm/moving_variance/ExponentialMovingAverage (DT_FLOAT) [512]
resnet_v2_50/block4/unit_1/bottleneck_v2/conv1/BatchNorm/moving_mean/ExponentialMovingAverage (DT_FLOAT) [512]
resnet_v2_50/block4/unit_1/bottleneck_v2/conv1/BatchNorm/gamma/Momentum (DT_FLOAT) [512]
resnet_v2_50/postnorm/moving_variance/ExponentialMovingAverage (DT_FLOAT) [2048]
resnet_v2_50/block4/unit_1/bottleneck_v2/conv1/BatchNorm/gamma (DT_FLOAT) [512]
resnet_v2_50/block4/unit_1/bottleneck_v2/conv1/BatchNorm/beta (DT_FLOAT) [512]
resnet_v2_50/block3/unit_6/bottleneck_v2/preact/moving_variance (DT_FLOAT) [1024]
resnet_v2_50/block3/unit_6/bottleneck_v2/preact/moving_mean (DT_FLOAT) [1024]
resnet_v2_50/block3/unit_6/bottleneck_v2/preact/gamma/Momentum (DT_FLOAT) [1024]
resnet_v2_50/block3/unit_6/bottleneck_v2/preact/gamma/ExponentialMovingAverage (DT_FLOAT) [1024]
resnet_v2_50/block3/unit_6/bottleneck_v2/preact/gamma (DT_FLOAT) [1024]
resnet_v2_50/block3/unit_6/bottleneck_v2/preact/beta/ExponentialMovingAverage (DT_FLOAT) [1024]
resnet_v2_50/postnorm/beta/Momentum (DT_FLOAT) [2048]
resnet_v2_50/block3/unit_6/bottleneck_v2/preact/beta (DT_FLOAT) [1024]
resnet_v2_50/block3/unit_6/bottleneck_v2/conv3/weights/Momentum (DT_FLOAT) [1,1,256,1024]
resnet_v2_50/block3/unit_6/bottleneck_v2/conv3/biases/Momentum (DT_FLOAT) [1024]
resnet_v2_50/block3/unit_6/bottleneck_v2/conv3/biases (DT_FLOAT) [1024]
resnet_v2_50/block3/unit_6/bottleneck_v2/conv2/weights/Momentum (DT_FLOAT) [3,3,256,256]
resnet_v2_50/block3/unit_6/bottleneck_v2/conv2/weights/ExponentialMovingAverage (DT_FLOAT) [3,3,256,256]
resnet_v2_50/block3/unit_6/bottleneck_v2/conv2/weights (DT_FLOAT) [3,3,256,256]
resnet_v2_50/block3/unit_6/bottleneck_v2/conv2/BatchNorm/moving_mean/ExponentialMovingAverage (DT_FLOAT) [256]
resnet_v2_50/block3/unit_6/bottleneck_v2/conv2/BatchNorm/beta/Momentum (DT_FLOAT) [256]
resnet_v2_50/block3/unit_6/bottleneck_v2/conv2/BatchNorm/beta/ExponentialMovingAverage (DT_FLOAT) [256]
resnet_v2_50/block3/unit_6/bottleneck_v2/conv3/biases/ExponentialMovingAverage (DT_FLOAT) [1024]
resnet_v2_50/block3/unit_6/bottleneck_v2/conv2/BatchNorm/beta (DT_FLOAT) [256]
resnet_v2_50/block3/unit_6/bottleneck_v2/conv1/weights/ExponentialMovingAverage (DT_FLOAT) [1,1,1024,256]
resnet_v2_50/block3/unit_6/bottleneck_v2/conv1/weights (DT_FLOAT) [1,1,1024,256]
resnet_v2_50/block3/unit_6/bottleneck_v2/conv3/weights (DT_FLOAT) [1,1,256,1024]
resnet_v2_50/block3/unit_6/bottleneck_v2/conv1/BatchNorm/moving_variance/ExponentialMovingAverage (DT_FLOAT) [256]
resnet_v2_50/block3/unit_6/bottleneck_v2/conv1/BatchNorm/moving_variance (DT_FLOAT) [256]
resnet_v2_50/block3/unit_6/bottleneck_v2/conv1/BatchNorm/moving_mean/ExponentialMovingAverage (DT_FLOAT) [256]
resnet_v2_50/block3/unit_6/bottleneck_v2/conv1/BatchNorm/gamma/Momentum (DT_FLOAT) [256]
resnet_v2_50/block3/unit_6/bottleneck_v2/conv1/BatchNorm/beta/Momentum (DT_FLOAT) [256]
resnet_v2_50/block3/unit_6/bottleneck_v2/conv1/BatchNorm/beta/ExponentialMovingAverage (DT_FLOAT) [256]
resnet_v2_50/block3/unit_5/bottleneck_v2/preact/moving_variance/ExponentialMovingAverage (DT_FLOAT) [1024]
resnet_v2_50/block3/unit_5/bottleneck_v2/preact/gamma (DT_FLOAT) [1024]
resnet_v2_50/block3/unit_5/bottleneck_v2/preact/beta/Momentum (DT_FLOAT) [1024]
resnet_v2_50/block3/unit_5/bottleneck_v2/preact/beta/ExponentialMovingAverage (DT_FLOAT) [1024]
resnet_v2_50/block3/unit_5/bottleneck_v2/conv3/weights (DT_FLOAT) [1,1,256,1024]
resnet_v2_50/block3/unit_5/bottleneck_v2/conv3/biases/ExponentialMovingAverage (DT_FLOAT) [1024]
resnet_v2_50/block3/unit_5/bottleneck_v2/conv3/biases (DT_FLOAT) [1024]
resnet_v2_50/block3/unit_5/bottleneck_v2/conv2/weights/Momentum (DT_FLOAT) [3,3,256,256]
resnet_v2_50/block3/unit_5/bottleneck_v2/conv2/BatchNorm/moving_mean/ExponentialMovingAverage (DT_FLOAT) [256]
resnet_v2_50/block3/unit_5/bottleneck_v2/conv2/BatchNorm/moving_mean (DT_FLOAT) [256]
resnet_v2_50/block3/unit_5/bottleneck_v2/conv2/BatchNorm/gamma/Momentum (DT_FLOAT) [256]
resnet_v2_50/block3/unit_5/bottleneck_v2/conv2/BatchNorm/gamma/ExponentialMovingAverage (DT_FLOAT) [256]
resnet_v2_50/block3/unit_5/bottleneck_v2/conv2/BatchNorm/gamma (DT_FLOAT) [256]
resnet_v2_50/block3/unit_5/bottleneck_v2/conv2/BatchNorm/beta/Momentum (DT_FLOAT) [256]
resnet_v2_50/block4/unit_1/bottleneck_v2/conv1/BatchNorm/gamma/ExponentialMovingAverage (DT_FLOAT) [512]
resnet_v2_50/block3/unit_5/bottleneck_v2/conv2/BatchNorm/beta/ExponentialMovingAverage (DT_FLOAT) [256]
resnet_v2_50/block3/unit_5/bottleneck_v2/conv2/BatchNorm/beta (DT_FLOAT) [256]
resnet_v2_50/block4/unit_3/bottleneck_v2/preact/beta (DT_FLOAT) [2048]
resnet_v2_50/block3/unit_5/bottleneck_v2/conv1/weights/Momentum (DT_FLOAT) [1,1,1024,256]
resnet_v2_50/block3/unit_5/bottleneck_v2/conv1/weights/ExponentialMovingAverage (DT_FLOAT) [1,1,1024,256]
resnet_v2_50/block3/unit_5/bottleneck_v2/conv1/weights (DT_FLOAT) [1,1,1024,256]
resnet_v2_50/block3/unit_5/bottleneck_v2/conv1/BatchNorm/moving_mean/ExponentialMovingAverage (DT_FLOAT) [256]
resnet_v2_50/block3/unit_5/bottleneck_v2/conv1/BatchNorm/gamma (DT_FLOAT) [256]
resnet_v2_50/block3/unit_5/bottleneck_v2/conv1/BatchNorm/beta/Momentum (DT_FLOAT) [256]
resnet_v2_50/block3/unit_5/bottleneck_v2/conv1/BatchNorm/beta/ExponentialMovingAverage (DT_FLOAT) [256]
resnet_v2_50/block3/unit_4/bottleneck_v2/preact/moving_variance (DT_FLOAT) [1024]
resnet_v2_50/block3/unit_6/bottleneck_v2/preact/beta/Momentum (DT_FLOAT) [1024]
resnet_v2_50/block3/unit_4/bottleneck_v2/preact/moving_mean/ExponentialMovingAverage (DT_FLOAT) [1024]
resnet_v2_50/block3/unit_4/bottleneck_v2/preact/moving_mean (DT_FLOAT) [1024]
resnet_v2_50/block3/unit_4/bottleneck_v2/preact/gamma/Momentum (DT_FLOAT) [1024]
resnet_v2_50/logits/biases/Momentum (DT_FLOAT) [1001]
resnet_v2_50/block3/unit_4/bottleneck_v2/preact/gamma (DT_FLOAT) [1024]
resnet_v2_50/block3/unit_4/bottleneck_v2/preact/beta/ExponentialMovingAverage (DT_FLOAT) [1024]
resnet_v2_50/block3/unit_4/bottleneck_v2/conv3/weights (DT_FLOAT) [1,1,256,1024]
resnet_v2_50/block3/unit_6/bottleneck_v2/conv1/BatchNorm/moving_mean (DT_FLOAT) [256]
resnet_v2_50/block3/unit_4/bottleneck_v2/conv3/biases/Momentum (DT_FLOAT) [1024]
resnet_v2_50/block3/unit_4/bottleneck_v2/conv3/biases/ExponentialMovingAverage (DT_FLOAT) [1024]
resnet_v2_50/block3/unit_4/bottleneck_v2/conv2/weights/Momentum (DT_FLOAT) [3,3,256,256]
resnet_v2_50/block3/unit_4/bottleneck_v2/conv2/weights (DT_FLOAT) [3,3,256,256]
resnet_v2_50/block3/unit_4/bottleneck_v2/conv2/BatchNorm/moving_variance (DT_FLOAT) [256]
resnet_v2_50/block3/unit_4/bottleneck_v2/conv2/BatchNorm/moving_mean/ExponentialMovingAverage (DT_FLOAT) [256]
resnet_v2_50/conv1/weights/ExponentialMovingAverage (DT_FLOAT) [7,7,3,64]
resnet_v2_50/block3/unit_4/bottleneck_v2/conv2/BatchNorm/moving_mean (DT_FLOAT) [256]
resnet_v2_50/block3/unit_4/bottleneck_v2/conv2/BatchNorm/gamma/ExponentialMovingAverage (DT_FLOAT) [256]
resnet_v2_50/block3/unit_4/bottleneck_v2/conv2/BatchNorm/beta/Momentum (DT_FLOAT) [256]
resnet_v2_50/block3/unit_4/bottleneck_v2/conv1/weights/Momentum (DT_FLOAT) [1,1,1024,256]
resnet_v2_50/block4/unit_1/bottleneck_v2/preact/gamma (DT_FLOAT) [1024]
resnet_v2_50/block3/unit_4/bottleneck_v2/conv1/BatchNorm/moving_variance/ExponentialMovingAverage (DT_FLOAT) [256]
resnet_v2_50/block3/unit_4/bottleneck_v2/conv1/BatchNorm/moving_mean/ExponentialMovingAverage (DT_FLOAT) [256]
resnet_v2_50/block3/unit_4/bottleneck_v2/conv1/BatchNorm/moving_mean (DT_FLOAT) [256]
resnet_v2_50/block3/unit_4/bottleneck_v2/conv1/BatchNorm/gamma/Momentum (DT_FLOAT) [256]
resnet_v2_50/block4/unit_1/bottleneck_v2/shortcut/weights (DT_FLOAT) [1,1,1024,2048]
resnet_v2_50/block3/unit_5/bottleneck_v2/preact/moving_mean/ExponentialMovingAverage (DT_FLOAT) [1024]
resnet_v2_50/block3/unit_4/bottleneck_v2/conv1/BatchNorm/gamma/ExponentialMovingAverage (DT_FLOAT) [256]
resnet_v2_50/block3/unit_4/bottleneck_v2/conv1/BatchNorm/beta (DT_FLOAT) [256]
resnet_v2_50/block3/unit_3/bottleneck_v2/preact/moving_variance (DT_FLOAT) [1024]
resnet_v2_50/block4/unit_3/bottleneck_v2/conv3/weights/ExponentialMovingAverage (DT_FLOAT) [1,1,512,2048]
resnet_v2_50/block3/unit_3/bottleneck_v2/preact/moving_mean (DT_FLOAT) [1024]
resnet_v2_50/block3/unit_3/bottleneck_v2/preact/gamma/Momentum (DT_FLOAT) [1024]
resnet_v2_50/block3/unit_3/bottleneck_v2/preact/gamma (DT_FLOAT) [1024]
resnet_v2_50/block3/unit_3/bottleneck_v2/preact/beta/Momentum (DT_FLOAT) [1024]
resnet_v2_50/block3/unit_3/bottleneck_v2/preact/beta/ExponentialMovingAverage (DT_FLOAT) [1024]
resnet_v2_50/block4/unit_3/bottleneck_v2/preact/beta/ExponentialMovingAverage (DT_FLOAT) [2048]
resnet_v2_50/block3/unit_3/bottleneck_v2/conv3/weights/Momentum (DT_FLOAT) [1,1,256,1024]
resnet_v2_50/block4/unit_3/bottleneck_v2/conv1/weights/ExponentialMovingAverage (DT_FLOAT) [1,1,2048,512]
resnet_v2_50/block3/unit_3/bottleneck_v2/conv3/biases (DT_FLOAT) [1024]
resnet_v2_50/block3/unit_3/bottleneck_v2/conv2/weights/Momentum (DT_FLOAT) [3,3,256,256]
resnet_v2_50/block4/unit_2/bottleneck_v2/preact/gamma/Momentum (DT_FLOAT) [2048]
resnet_v2_50/block3/unit_3/bottleneck_v2/conv2/BatchNorm/moving_variance/ExponentialMovingAverage (DT_FLOAT) [256]
resnet_v2_50/block4/unit_2/bottleneck_v2/preact/beta (DT_FLOAT) [2048]
resnet_v2_50/block3/unit_3/bottleneck_v2/conv2/BatchNorm/moving_variance (DT_FLOAT) [256]
resnet_v2_50/block3/unit_3/bottleneck_v2/conv2/BatchNorm/moving_mean (DT_FLOAT) [256]
resnet_v2_50/block4/unit_2/bottleneck_v2/conv2/weights/Momentum (DT_FLOAT) [3,3,512,512]
resnet_v2_50/block3/unit_3/bottleneck_v2/conv2/BatchNorm/gamma/ExponentialMovingAverage (DT_FLOAT) [256]
resnet_v2_50/block3/unit_3/bottleneck_v2/preact/moving_mean/ExponentialMovingAverage (DT_FLOAT) [1024]
resnet_v2_50/block3/unit_3/bottleneck_v2/conv2/BatchNorm/gamma (DT_FLOAT) [256]
resnet_v2_50/block3/unit_3/bottleneck_v2/conv2/BatchNorm/beta/Momentum (DT_FLOAT) [256]
resnet_v2_50/block4/unit_3/bottleneck_v2/preact/beta/Momentum (DT_FLOAT) [2048]
resnet_v2_50/block3/unit_3/bottleneck_v2/conv2/BatchNorm/beta/ExponentialMovingAverage (DT_FLOAT) [256]
resnet_v2_50/block3/unit_5/bottleneck_v2/conv2/BatchNorm/moving_variance/ExponentialMovingAverage (DT_FLOAT) [256]
resnet_v2_50/block3/unit_3/bottleneck_v2/conv2/BatchNorm/beta (DT_FLOAT) [256]
resnet_v2_50/block2/unit_2/bottleneck_v2/conv2/BatchNorm/beta/Momentum (DT_FLOAT) [128]
resnet_v2_50/block4/unit_1/bottleneck_v2/conv1/weights/ExponentialMovingAverage (DT_FLOAT) [1,1,1024,512]
resnet_v2_50/block2/unit_2/bottleneck_v2/conv2/BatchNorm/beta/ExponentialMovingAverage (DT_FLOAT) [128]
resnet_v2_50/block3/unit_1/bottleneck_v2/conv2/BatchNorm/beta/Momentum (DT_FLOAT) [256]
resnet_v2_50/block3/unit_2/bottleneck_v2/conv1/BatchNorm/beta (DT_FLOAT) [256]
resnet_v2_50/block2/unit_2/bottleneck_v2/conv1/BatchNorm/moving_variance (DT_FLOAT) [128]
resnet_v2_50/block3/unit_4/bottleneck_v2/conv2/BatchNorm/gamma (DT_FLOAT) [256]
resnet_v2_50/block1/unit_3/bottleneck_v2/preact/beta/Momentum (DT_FLOAT) [256]
resnet_v2_50/block2/unit_2/bottleneck_v2/conv1/BatchNorm/moving_mean (DT_FLOAT) [128]
resnet_v2_50/block2/unit_2/bottleneck_v2/conv1/BatchNorm/beta/Momentum (DT_FLOAT) [128]
resnet_v2_50/block2/unit_2/bottleneck_v2/conv1/BatchNorm/beta/ExponentialMovingAverage (DT_FLOAT) [128]
resnet_v2_50/block1/unit_2/bottleneck_v2/conv2/BatchNorm/gamma (DT_FLOAT) [64]
resnet_v2_50/block4/unit_3/bottleneck_v2/conv2/BatchNorm/gamma/Momentum (DT_FLOAT) [512]
resnet_v2_50/block2/unit_1/bottleneck_v2/conv3/weights (DT_FLOAT) [1,1,128,512]
resnet_v2_50/block4/unit_3/bottleneck_v2/conv2/BatchNorm/beta/Momentum (DT_FLOAT) [512]
resnet_v2_50/block2/unit_1/bottleneck_v2/shortcut/biases (DT_FLOAT) [512]
resnet_v2_50/block2/unit_1/bottleneck_v2/preact/moving_variance/ExponentialMovingAverage (DT_FLOAT) [256]
resnet_v2_50/block4/unit_2/bottleneck_v2/conv1/BatchNorm/moving_mean (DT_FLOAT) [512]
resnet_v2_50/block2/unit_1/bottleneck_v2/conv1/weights/Momentum (DT_FLOAT) [1,1,256,128]
resnet_v2_50/block2/unit_1/bottleneck_v2/conv3/weights/ExponentialMovingAverage (DT_FLOAT) [1,1,128,512]
resnet_v2_50/block3/unit_4/bottleneck_v2/conv1/weights (DT_FLOAT) [1,1,1024,256]
resnet_v2_50/block2/unit_1/bottleneck_v2/shortcut/biases/Momentum (DT_FLOAT) [512]
resnet_v2_50/block4/unit_3/bottleneck_v2/conv2/weights/Momentum (DT_FLOAT) [3,3,512,512]
resnet_v2_50/block2/unit_1/bottleneck_v2/preact/moving_mean (DT_FLOAT) [256]
resnet_v2_50/block2/unit_1/bottleneck_v2/preact/gamma/Momentum (DT_FLOAT) [256]
resnet_v2_50/block2/unit_1/bottleneck_v2/preact/gamma (DT_FLOAT) [256]
resnet_v2_50/block2/unit_1/bottleneck_v2/preact/beta (DT_FLOAT) [256]
resnet_v2_50/block2/unit_1/bottleneck_v2/conv3/weights/Momentum (DT_FLOAT) [1,1,128,512]
resnet_v2_50/block1/unit_2/bottleneck_v2/conv2/BatchNorm/gamma/Momentum (DT_FLOAT) [64]
resnet_v2_50/block2/unit_1/bottleneck_v2/conv3/biases/Momentum (DT_FLOAT) [512]
resnet_v2_50/block4/unit_1/bottleneck_v2/conv2/weights (DT_FLOAT) [3,3,512,512]
resnet_v2_50/block2/unit_3/bottleneck_v2/preact/beta (DT_FLOAT) [512]
resnet_v2_50/block2/unit_1/bottleneck_v2/conv3/biases/ExponentialMovingAverage (DT_FLOAT) [512]
resnet_v2_50/block2/unit_1/bottleneck_v2/conv2/weights/Momentum (DT_FLOAT) [3,3,128,128]
resnet_v2_50/block3/unit_3/bottleneck_v2/conv2/BatchNorm/gamma/Momentum (DT_FLOAT) [256]
resnet_v2_50/block1/unit_3/bottleneck_v2/conv1/weights (DT_FLOAT) [1,1,256,64]
resnet_v2_50/block3/unit_6/bottleneck_v2/conv1/BatchNorm/gamma (DT_FLOAT) [256]
resnet_v2_50/block1/unit_2/bottleneck_v2/conv3/weights/Momentum (DT_FLOAT) [1,1,64,256]
resnet_v2_50/block3/unit_1/bottleneck_v2/conv1/BatchNorm/moving_variance (DT_FLOAT) [256]
resnet_v2_50/block2/unit_1/bottleneck_v2/conv2/BatchNorm/moving_variance (DT_FLOAT) [128]
resnet_v2_50/block4/unit_1/bottleneck_v2/shortcut/biases/ExponentialMovingAverage (DT_FLOAT) [2048]
resnet_v2_50/block3/unit_4/bottleneck_v2/conv1/BatchNorm/beta/Momentum (DT_FLOAT) [256]
resnet_v2_50/block2/unit_1/bottleneck_v2/preact/moving_variance (DT_FLOAT) [256]
resnet_v2_50/block2/unit_1/bottleneck_v2/conv1/BatchNorm/moving_variance (DT_FLOAT) [128]
resnet_v2_50/block3/unit_4/bottleneck_v2/conv3/weights/Momentum (DT_FLOAT) [1,1,256,1024]
resnet_v2_50/block2/unit_1/bottleneck_v2/conv1/BatchNorm/moving_mean/ExponentialMovingAverage (DT_FLOAT) [128]
resnet_v2_50/block3/unit_3/bottleneck_v2/conv3/weights (DT_FLOAT) [1,1,256,1024]
resnet_v2_50/block3/unit_3/bottleneck_v2/conv2/weights (DT_FLOAT) [3,3,256,256]
resnet_v2_50/block3/unit_1/bottleneck_v2/conv1/BatchNorm/beta (DT_FLOAT) [256]
resnet_v2_50/block3/unit_4/bottleneck_v2/conv1/BatchNorm/gamma (DT_FLOAT) [256]
resnet_v2_50/block2/unit_1/bottleneck_v2/conv1/BatchNorm/gamma/Momentum (DT_FLOAT) [128]
resnet_v2_50/block3/unit_6/bottleneck_v2/conv2/BatchNorm/gamma (DT_FLOAT) [256]
resnet_v2_50/block3/unit_3/bottleneck_v2/preact/gamma/ExponentialMovingAverage (DT_FLOAT) [1024]
resnet_v2_50/block2/unit_4/bottleneck_v2/conv1/weights/Momentum (DT_FLOAT) [1,1,512,128]
resnet_v2_50/block3/unit_2/bottleneck_v2/conv1/BatchNorm/moving_mean (DT_FLOAT) [256]
resnet_v2_50/block2/unit_1/bottleneck_v2/conv1/weights/ExponentialMovingAverage (DT_FLOAT) [1,1,256,128]
resnet_v2_50/block2/unit_1/bottleneck_v2/conv1/BatchNorm/gamma (DT_FLOAT) [128]
resnet_v2_50/block4/unit_2/bottleneck_v2/conv2/BatchNorm/gamma/Momentum (DT_FLOAT) [512]
resnet_v2_50/block4/unit_1/bottleneck_v2/conv1/weights/Momentum (DT_FLOAT) [1,1,1024,512]
resnet_v2_50/block2/unit_1/bottleneck_v2/conv2/BatchNorm/gamma/Momentum (DT_FLOAT) [128]
resnet_v2_50/block2/unit_1/bottleneck_v2/conv2/BatchNorm/moving_variance/ExponentialMovingAverage (DT_FLOAT) [128]
resnet_v2_50/block2/unit_1/bottleneck_v2/conv1/BatchNorm/beta (DT_FLOAT) [128]
resnet_v2_50/block2/unit_4/bottleneck_v2/conv1/BatchNorm/gamma/Momentum (DT_FLOAT) [128]
resnet_v2_50/block2/unit_3/bottleneck_v2/conv2/BatchNorm/moving_variance (DT_FLOAT) [128]
resnet_v2_50/block3/unit_2/bottleneck_v2/conv2/BatchNorm/moving_mean/ExponentialMovingAverage (DT_FLOAT) [256]
resnet_v2_50/block3/unit_4/bottleneck_v2/conv2/BatchNorm/beta/ExponentialMovingAverage (DT_FLOAT) [256]
resnet_v2_50/block3/unit_3/bottleneck_v2/conv1/BatchNorm/gamma (DT_FLOAT) [256]
resnet_v2_50/block1/unit_3/bottleneck_v2/preact/moving_mean/ExponentialMovingAverage (DT_FLOAT) [256]
resnet_v2_50/block1/unit_3/bottleneck_v2/preact/gamma/ExponentialMovingAverage (DT_FLOAT) [256]
resnet_v2_50/block3/unit_4/bottleneck_v2/preact/moving_variance/ExponentialMovingAverage (DT_FLOAT) [1024]
resnet_v2_50/block1/unit_3/bottleneck_v2/preact/gamma (DT_FLOAT) [256]
resnet_v2_50/logits/weights/ExponentialMovingAverage (DT_FLOAT) [1,1,2048,1001]
resnet_v2_50/block2/unit_2/bottleneck_v2/conv3/weights/ExponentialMovingAverage (DT_FLOAT) [1,1,128,512]
resnet_v2_50/block2/unit_2/bottleneck_v2/conv1/weights/Momentum (DT_FLOAT) [1,1,512,128]
resnet_v2_50/block1/unit_3/bottleneck_v2/preact/beta/ExponentialMovingAverage (DT_FLOAT) [256]
resnet_v2_50/block1/unit_3/bottleneck_v2/conv3/weights/Momentum (DT_FLOAT) [1,1,64,256]
resnet_v2_50/block1/unit_3/bottleneck_v2/conv1/BatchNorm/beta/Momentum (DT_FLOAT) [64]
resnet_v2_50/block1/unit_2/bottleneck_v2/preact/gamma (DT_FLOAT) [256]
resnet_v2_50/block1/unit_3/bottleneck_v2/conv3/weights/ExponentialMovingAverage (DT_FLOAT) [1,1,64,256]
resnet_v2_50/block1/unit_3/bottleneck_v2/conv3/biases/Momentum (DT_FLOAT) [256]
resnet_v2_50/block1/unit_3/bottleneck_v2/conv3/biases/ExponentialMovingAverage (DT_FLOAT) [256]
total_loss/ExponentialMovingAverage (DT_FLOAT) []
resnet_v2_50/block1/unit_3/bottleneck_v2/conv3/biases (DT_FLOAT) [256]
resnet_v2_50/block3/unit_6/bottleneck_v2/conv2/BatchNorm/gamma/Momentum (DT_FLOAT) [256]
resnet_v2_50/block3/unit_4/bottleneck_v2/preact/beta (DT_FLOAT) [1024]
resnet_v2_50/block3/unit_4/bottleneck_v2/conv3/biases (DT_FLOAT) [1024]
resnet_v2_50/block2/unit_2/bottleneck_v2/conv1/BatchNorm/moving_mean/ExponentialMovingAverage (DT_FLOAT) [128]
resnet_v2_50/block2/unit_3/bottleneck_v2/preact/moving_mean (DT_FLOAT) [512]
resnet_v2_50/block2/unit_3/bottleneck_v2/conv1/BatchNorm/moving_variance (DT_FLOAT) [128]
resnet_v2_50/block3/unit_2/bottleneck_v2/conv1/BatchNorm/gamma (DT_FLOAT) [256]
resnet_v2_50/block1/unit_3/bottleneck_v2/conv2/BatchNorm/beta/Momentum (DT_FLOAT) [64]
resnet_v2_50/block2/unit_2/bottleneck_v2/conv2/weights/Momentum (DT_FLOAT) [3,3,128,128]
resnet_v2_50/postnorm/beta (DT_FLOAT) [2048]
resnet_v2_50/block3/unit_1/bottleneck_v2/conv2/BatchNorm/moving_mean (DT_FLOAT) [256]
resnet_v2_50/block3/unit_2/bottleneck_v2/conv1/weights/Momentum (DT_FLOAT) [1,1,1024,256]
resnet_v2_50/block3/unit_5/bottleneck_v2/conv2/weights (DT_FLOAT) [3,3,256,256]
resnet_v2_50/block2/unit_3/bottleneck_v2/conv2/BatchNorm/beta/ExponentialMovingAverage (DT_FLOAT) [128]
resnet_v2_50/block3/unit_3/bottleneck_v2/conv1/weights/ExponentialMovingAverage (DT_FLOAT) [1,1,1024,256]
resnet_v2_50/block1/unit_3/bottleneck_v2/conv2/BatchNorm/beta/ExponentialMovingAverage (DT_FLOAT) [64]
resnet_v2_50/block1/unit_1/bottleneck_v2/conv3/weights/Momentum (DT_FLOAT) [1,1,64,256]
resnet_v2_50/block1/unit_3/bottleneck_v2/conv2/BatchNorm/beta (DT_FLOAT) [64]
resnet_v2_50/block2/unit_2/bottleneck_v2/conv2/BatchNorm/beta (DT_FLOAT) [128]
resnet_v2_50/block4/unit_3/bottleneck_v2/conv1/BatchNorm/moving_mean (DT_FLOAT) [512]
resnet_v2_50/block1/unit_1/bottleneck_v2/conv1/weights (DT_FLOAT) [1,1,64,64]
resnet_v2_50/block2/unit_4/bottleneck_v2/conv2/BatchNorm/moving_variance/ExponentialMovingAverage (DT_FLOAT) [128]
resnet_v2_50/block3/unit_1/bottleneck_v2/conv3/biases/Momentum (DT_FLOAT) [1024]
resnet_v2_50/block3/unit_1/bottleneck_v2/conv3/weights/Momentum (DT_FLOAT) [1,1,256,1024]
resnet_v2_50/block1/unit_3/bottleneck_v2/conv1/weights/Momentum (DT_FLOAT) [1,1,256,64]
resnet_v2_50/block1/unit_3/bottleneck_v2/conv1/weights/ExponentialMovingAverage (DT_FLOAT) [1,1,256,64]
resnet_v2_50/block1/unit_3/bottleneck_v2/conv2/weights/ExponentialMovingAverage (DT_FLOAT) [3,3,64,64]
resnet_v2_50/block1/unit_3/bottleneck_v2/conv1/BatchNorm/moving_variance/ExponentialMovingAverage (DT_FLOAT) [64]
resnet_v2_50/block2/unit_1/bottleneck_v2/conv1/BatchNorm/moving_mean (DT_FLOAT) [128]
resnet_v2_50/block1/unit_1/bottleneck_v2/conv1/BatchNorm/moving_variance/ExponentialMovingAverage (DT_FLOAT) [64]
resnet_v2_50/block3/unit_6/bottleneck_v2/conv2/BatchNorm/moving_variance/ExponentialMovingAverage (DT_FLOAT) [256]
resnet_v2_50/block2/unit_1/bottleneck_v2/preact/moving_mean/ExponentialMovingAverage (DT_FLOAT) [256]
resnet_v2_50/block2/unit_1/bottleneck_v2/shortcut/biases/ExponentialMovingAverage (DT_FLOAT) [512]
resnet_v2_50/block1/unit_3/bottleneck_v2/conv1/BatchNorm/moving_variance (DT_FLOAT) [64]
resnet_v2_50/block3/unit_5/bottleneck_v2/conv1/BatchNorm/gamma/Momentum (DT_FLOAT) [256]
resnet_v2_50/block1/unit_1/bottleneck_v2/preact/beta (DT_FLOAT) [64]
resnet_v2_50/block1/unit_1/bottleneck_v2/conv3/weights (DT_FLOAT) [1,1,64,256]
resnet_v2_50/block1/unit_3/bottleneck_v2/conv1/BatchNorm/beta/ExponentialMovingAverage (DT_FLOAT) [64]
resnet_v2_50/block1/unit_3/bottleneck_v2/conv2/BatchNorm/moving_variance/ExponentialMovingAverage (DT_FLOAT) [64]
resnet_v2_50/block1/unit_1/bottleneck_v2/preact/moving_variance/ExponentialMovingAverage (DT_FLOAT) [64]
resnet_v2_50/block1/unit_1/bottleneck_v2/conv2/BatchNorm/moving_mean/ExponentialMovingAverage (DT_FLOAT) [64]
resnet_v2_50/block4/unit_1/bottleneck_v2/conv1/BatchNorm/moving_variance (DT_FLOAT) [512]
resnet_v2_50/block1/unit_2/bottleneck_v2/conv3/weights/ExponentialMovingAverage (DT_FLOAT) [1,1,64,256]
resnet_v2_50/block1/unit_1/bottleneck_v2/preact/moving_mean (DT_FLOAT) [64]
resnet_v2_50/block3/unit_4/bottleneck_v2/conv1/BatchNorm/beta/ExponentialMovingAverage (DT_FLOAT) [256]
resnet_v2_50/block1/unit_1/bottleneck_v2/preact/gamma/Momentum (DT_FLOAT) [64]
resnet_v2_50/block1/unit_1/bottleneck_v2/conv2/BatchNorm/gamma/ExponentialMovingAverage (DT_FLOAT) [64]
resnet_v2_50/block1/unit_1/bottleneck_v2/conv1/BatchNorm/moving_mean (DT_FLOAT) [64]
resnet_v2_50/block3/unit_3/bottleneck_v2/conv1/BatchNorm/moving_mean (DT_FLOAT) [256]
resnet_v2_50/block1/unit_1/bottleneck_v2/preact/gamma (DT_FLOAT) [64]
resnet_v2_50/block3/unit_4/bottleneck_v2/conv2/BatchNorm/moving_variance/ExponentialMovingAverage (DT_FLOAT) [256]
resnet_v2_50/block2/unit_1/bottleneck_v2/conv2/weights (DT_FLOAT) [3,3,128,128]
resnet_v2_50/block1/unit_2/bottleneck_v2/conv2/BatchNorm/beta (DT_FLOAT) [64]
resnet_v2_50/postnorm/gamma (DT_FLOAT) [2048]
resnet_v2_50/block1/unit_2/bottleneck_v2/conv2/BatchNorm/moving_variance/ExponentialMovingAverage (DT_FLOAT) [64]
resnet_v2_50/block3/unit_2/bottleneck_v2/preact/moving_mean/ExponentialMovingAverage (DT_FLOAT) [1024]
resnet_v2_50/logits/weights (DT_FLOAT) [1,1,2048,1001]
resnet_v2_50/block2/unit_1/bottleneck_v2/conv1/BatchNorm/beta/Momentum (DT_FLOAT) [128]
resnet_v2_50/block3/unit_3/bottleneck_v2/conv1/weights (DT_FLOAT) [1,1,1024,256]
resnet_v2_50/block3/unit_1/bottleneck_v2/shortcut/biases (DT_FLOAT) [1024]
resnet_v2_50/block2/unit_1/bottleneck_v2/conv1/BatchNorm/beta/ExponentialMovingAverage (DT_FLOAT) [128]
resnet_v2_50/block1/unit_1/bottleneck_v2/preact/beta/ExponentialMovingAverage (DT_FLOAT) [64]
resnet_v2_50/block3/unit_5/bottleneck_v2/conv1/BatchNorm/gamma/ExponentialMovingAverage (DT_FLOAT) [256]
resnet_v2_50/block2/unit_2/bottleneck_v2/conv1/weights/ExponentialMovingAverage (DT_FLOAT) [1,1,512,128]
resnet_v2_50/block4/unit_1/bottleneck_v2/conv2/BatchNorm/beta (DT_FLOAT) [512]
resnet_v2_50/block3/unit_5/bottleneck_v2/conv2/BatchNorm/moving_variance (DT_FLOAT) [256]
resnet_v2_50/block2/unit_3/bottleneck_v2/conv2/BatchNorm/gamma (DT_FLOAT) [128]
resnet_v2_50/block1/unit_1/bottleneck_v2/conv2/BatchNorm/beta/ExponentialMovingAverage (DT_FLOAT) [64]
resnet_v2_50/block4/unit_2/bottleneck_v2/preact/moving_variance (DT_FLOAT) [2048]
resnet_v2_50/block1/unit_3/bottleneck_v2/conv1/BatchNorm/gamma/Momentum (DT_FLOAT) [64]
resnet_v2_50/block4/unit_2/bottleneck_v2/conv1/weights/Momentum (DT_FLOAT) [1,1,2048,512]
resnet_v2_50/block2/unit_2/bottleneck_v2/conv1/BatchNorm/gamma/ExponentialMovingAverage (DT_FLOAT) [128]
resnet_v2_50/block1/unit_1/bottleneck_v2/preact/beta/Momentum (DT_FLOAT) [64]
global_step (DT_INT64) []
resnet_v2_50/block2/unit_1/bottleneck_v2/conv2/BatchNorm/beta/ExponentialMovingAverage (DT_FLOAT) [128]
resnet_v2_50/block3/unit_1/bottleneck_v2/conv2/BatchNorm/moving_variance (DT_FLOAT) [256]
resnet_v2_50/block1/unit_3/bottleneck_v2/conv2/BatchNorm/moving_mean/ExponentialMovingAverage (DT_FLOAT) [64]
resnet_v2_50/block1/unit_1/bottleneck_v2/conv2/weights/Momentum (DT_FLOAT) [3,3,64,64]
resnet_v2_50/block1/unit_3/bottleneck_v2/preact/gamma/Momentum (DT_FLOAT) [256]
resnet_v2_50/block4/unit_3/bottleneck_v2/preact/moving_mean/ExponentialMovingAverage (DT_FLOAT) [2048]
resnet_v2_50/block2/unit_2/bottleneck_v2/conv2/BatchNorm/gamma/Momentum (DT_FLOAT) [128]
resnet_v2_50/block3/unit_5/bottleneck_v2/conv1/BatchNorm/moving_variance (DT_FLOAT) [256]
resnet_v2_50/block2/unit_1/bottleneck_v2/conv1/weights (DT_FLOAT) [1,1,256,128]
resnet_v2_50/block1/unit_3/bottleneck_v2/preact/beta (DT_FLOAT) [256]
resnet_v2_50/postnorm/moving_mean/ExponentialMovingAverage (DT_FLOAT) [2048]
resnet_v2_50/block1/unit_2/bottleneck_v2/conv1/BatchNorm/gamma/Momentum (DT_FLOAT) [64]
resnet_v2_50/block1/unit_3/bottleneck_v2/conv2/BatchNorm/gamma (DT_FLOAT) [64]
resnet_v2_50/block1/unit_1/bottleneck_v2/conv3/biases (DT_FLOAT) [256]
resnet_v2_50/block3/unit_1/bottleneck_v2/conv1/weights (DT_FLOAT) [1,1,512,256]
resnet_v2_50/block1/unit_1/bottleneck_v2/conv2/weights (DT_FLOAT) [3,3,64,64]
resnet_v2_50/block2/unit_1/bottleneck_v2/conv2/BatchNorm/moving_mean (DT_FLOAT) [128]
resnet_v2_50/block2/unit_1/bottleneck_v2/shortcut/weights/Momentum (DT_FLOAT) [1,1,256,512]
resnet_v2_50/block1/unit_1/bottleneck_v2/conv1/BatchNorm/moving_mean/ExponentialMovingAverage (DT_FLOAT) [64]
resnet_v2_50/block4/unit_3/bottleneck_v2/conv2/BatchNorm/moving_variance (DT_FLOAT) [512]
resnet_v2_50/block3/unit_5/bottleneck_v2/conv1/BatchNorm/beta (DT_FLOAT) [256]
resnet_v2_50/block2/unit_4/bottleneck_v2/conv1/BatchNorm/moving_variance/ExponentialMovingAverage (DT_FLOAT) [128]
resnet_v2_50/block4/unit_2/bottleneck_v2/preact/gamma/ExponentialMovingAverage (DT_FLOAT) [2048]
resnet_v2_50/block3/unit_6/bottleneck_v2/conv2/BatchNorm/moving_mean (DT_FLOAT) [256]
resnet_v2_50/block2/unit_2/bottleneck_v2/conv2/BatchNorm/moving_variance/ExponentialMovingAverage (DT_FLOAT) [128]
resnet_v2_50/block1/unit_1/bottleneck_v2/conv1/BatchNorm/moving_variance (DT_FLOAT) [64]
resnet_v2_50/block1/unit_2/bottleneck_v2/preact/moving_mean/ExponentialMovingAverage (DT_FLOAT) [256]
resnet_v2_50/block4/unit_3/bottleneck_v2/conv2/BatchNorm/moving_variance/ExponentialMovingAverage (DT_FLOAT) [512]
resnet_v2_50/block4/unit_2/bottleneck_v2/conv2/BatchNorm/moving_mean (DT_FLOAT) [512]
resnet_v2_50/block3/unit_1/bottleneck_v2/shortcut/weights (DT_FLOAT) [1,1,512,1024]
resnet_v2_50/block4/unit_1/bottleneck_v2/conv1/BatchNorm/beta/ExponentialMovingAverage (DT_FLOAT) [512]
resnet_v2_50/block3/unit_2/bottleneck_v2/preact/beta/ExponentialMovingAverage (DT_FLOAT) [1024]
resnet_v2_50/block3/unit_2/bottleneck_v2/preact/beta (DT_FLOAT) [1024]
resnet_v2_50/block4/unit_2/bottleneck_v2/conv2/weights (DT_FLOAT) [3,3,512,512]
resnet_v2_50/block3/unit_6/bottleneck_v2/conv1/BatchNorm/beta (DT_FLOAT) [256]
resnet_v2_50/block3/unit_4/bottleneck_v2/conv1/weights/ExponentialMovingAverage (DT_FLOAT) [1,1,1024,256]
resnet_v2_50/block2/unit_2/bottleneck_v2/conv2/BatchNorm/gamma (DT_FLOAT) [128]
resnet_v2_50/block1/unit_1/bottleneck_v2/conv1/BatchNorm/gamma/ExponentialMovingAverage (DT_FLOAT) [64]
resnet_v2_50/block1/unit_3/bottleneck_v2/conv1/BatchNorm/beta (DT_FLOAT) [64]
resnet_v2_50/block2/unit_3/bottleneck_v2/conv1/BatchNorm/beta/Momentum (DT_FLOAT) [128]
resnet_v2_50/block1/unit_3/bottleneck_v2/conv2/BatchNorm/gamma/ExponentialMovingAverage (DT_FLOAT) [64]
resnet_v2_50/block3/unit_2/bottleneck_v2/preact/gamma (DT_FLOAT) [1024]
resnet_v2_50/block3/unit_4/bottleneck_v2/conv1/BatchNorm/moving_variance (DT_FLOAT) [256]
resnet_v2_50/block1/unit_1/bottleneck_v2/conv1/BatchNorm/gamma (DT_FLOAT) [64]
resnet_v2_50/block2/unit_1/bottleneck_v2/conv2/BatchNorm/gamma/ExponentialMovingAverage (DT_FLOAT) [128]
resnet_v2_50/block1/unit_1/bottleneck_v2/conv2/BatchNorm/moving_variance (DT_FLOAT) [64]
resnet_v2_50/block3/unit_5/bottleneck_v2/preact/gamma/Momentum (DT_FLOAT) [1024]
resnet_v2_50/block3/unit_3/bottleneck_v2/conv3/biases/Momentum (DT_FLOAT) [1024]
resnet_v2_50/block2/unit_1/bottleneck_v2/conv1/BatchNorm/moving_variance/ExponentialMovingAverage (DT_FLOAT) [128]
resnet_v2_50/block1/unit_3/bottleneck_v2/preact/moving_variance/ExponentialMovingAverage (DT_FLOAT) [256]
resnet_v2_50/block3/unit_6/bottleneck_v2/conv1/BatchNorm/gamma/ExponentialMovingAverage (DT_FLOAT) [256]
resnet_v2_50/block1/unit_1/bottleneck_v2/conv1/BatchNorm/gamma/Momentum (DT_FLOAT) [64]
resnet_v2_50/block3/unit_1/bottleneck_v2/preact/moving_variance/ExponentialMovingAverage (DT_FLOAT) [512]
resnet_v2_50/block3/unit_1/bottleneck_v2/shortcut/biases/ExponentialMovingAverage (DT_FLOAT) [1024]
resnet_v2_50/block1/unit_1/bottleneck_v2/conv1/BatchNorm/beta (DT_FLOAT) [64]
resnet_v2_50/block1/unit_1/bottleneck_v2/conv1/BatchNorm/beta/ExponentialMovingAverage (DT_FLOAT) [64]
resnet_v2_50/block1/unit_1/bottleneck_v2/shortcut/biases (DT_FLOAT) [256]
resnet_v2_50/block1/unit_1/bottleneck_v2/conv2/BatchNorm/moving_mean (DT_FLOAT) [64]
resnet_v2_50/block4/unit_1/bottleneck_v2/conv2/weights/ExponentialMovingAverage (DT_FLOAT) [3,3,512,512]
resnet_v2_50/block2/unit_2/bottleneck_v2/conv3/biases/Momentum (DT_FLOAT) [512]
resnet_v2_50/block4/unit_3/bottleneck_v2/conv2/weights/ExponentialMovingAverage (DT_FLOAT) [3,3,512,512]
resnet_v2_50/block2/unit_1/bottleneck_v2/preact/beta/ExponentialMovingAverage (DT_FLOAT) [256]
resnet_v2_50/block2/unit_3/bottleneck_v2/conv2/BatchNorm/gamma/Momentum (DT_FLOAT) [128]
resnet_v2_50/block3/unit_3/bottleneck_v2/conv2/BatchNorm/moving_mean/ExponentialMovingAverage (DT_FLOAT) [256]
resnet_v2_50/block1/unit_1/bottleneck_v2/conv1/BatchNorm/beta/Momentum (DT_FLOAT) [64]
resnet_v2_50/block4/unit_1/bottleneck_v2/conv2/BatchNorm/moving_variance (DT_FLOAT) [512]
resnet_v2_50/block2/unit_3/bottleneck_v2/conv3/biases/ExponentialMovingAverage (DT_FLOAT) [512]
resnet_v2_50/block3/unit_6/bottleneck_v2/conv2/BatchNorm/gamma/ExponentialMovingAverage (DT_FLOAT) [256]
resnet_v2_50/block1/unit_3/bottleneck_v2/conv1/BatchNorm/moving_mean/ExponentialMovingAverage (DT_FLOAT) [64]
resnet_v2_50/block4/unit_1/bottleneck_v2/conv3/biases/Momentum (DT_FLOAT) [2048]
resnet_v2_50/block1/unit_1/bottleneck_v2/shortcut/biases/ExponentialMovingAverage (DT_FLOAT) [256]
resnet_v2_50/block3/unit_2/bottleneck_v2/conv1/BatchNorm/moving_mean/ExponentialMovingAverage (DT_FLOAT) [256]
resnet_v2_50/block3/unit_1/bottleneck_v2/conv2/BatchNorm/moving_variance/ExponentialMovingAverage (DT_FLOAT) [256]
resnet_v2_50/block1/unit_1/bottleneck_v2/conv1/weights/Momentum (DT_FLOAT) [1,1,64,64]
resnet_v2_50/block1/unit_1/bottleneck_v2/conv2/BatchNorm/beta/Momentum (DT_FLOAT) [64]
resnet_v2_50/block4/unit_2/bottleneck_v2/conv1/BatchNorm/beta/ExponentialMovingAverage (DT_FLOAT) [512]
resnet_v2_50/block4/unit_1/bottleneck_v2/preact/moving_variance/ExponentialMovingAverage (DT_FLOAT) [1024]
resnet_v2_50/block1/unit_1/bottleneck_v2/conv2/BatchNorm/gamma (DT_FLOAT) [64]
resnet_v2_50/block4/unit_1/bottleneck_v2/preact/beta/Momentum (DT_FLOAT) [1024]
resnet_v2_50/block2/unit_4/bottleneck_v2/preact/moving_mean/ExponentialMovingAverage (DT_FLOAT) [512]
resnet_v2_50/block1/unit_3/bottleneck_v2/preact/moving_mean (DT_FLOAT) [256]
resnet_v2_50/block1/unit_2/bottleneck_v2/conv2/BatchNorm/gamma/ExponentialMovingAverage (DT_FLOAT) [64]
resnet_v2_50/block3/unit_1/bottleneck_v2/conv1/BatchNorm/beta/Momentum (DT_FLOAT) [256]
resnet_v2_50/block1/unit_2/bottleneck_v2/conv2/weights/Momentum (DT_FLOAT) [3,3,64,64]
resnet_v2_50/block3/unit_3/bottleneck_v2/conv1/BatchNorm/beta/Momentum (DT_FLOAT) [256]
resnet_v2_50/block1/unit_1/bottleneck_v2/preact/moving_variance (DT_FLOAT) [64]
resnet_v2_50/block2/unit_2/bottleneck_v2/conv3/biases/ExponentialMovingAverage (DT_FLOAT) [512]
resnet_v2_50/block1/unit_1/bottleneck_v2/conv2/BatchNorm/beta (DT_FLOAT) [64]
resnet_v2_50/block2/unit_3/bottleneck_v2/preact/moving_variance (DT_FLOAT) [512]
resnet_v2_50/block3/unit_5/bottleneck_v2/preact/moving_variance (DT_FLOAT) [1024]
resnet_v2_50/block2/unit_1/bottleneck_v2/shortcut/weights/ExponentialMovingAverage (DT_FLOAT) [1,1,256,512]
resnet_v2_50/block1/unit_1/bottleneck_v2/shortcut/weights/Momentum (DT_FLOAT) [1,1,64,256]
resnet_v2_50/logits/weights/Momentum (DT_FLOAT) [1,1,2048,1001]
resnet_v2_50/block1/unit_2/bottleneck_v2/conv1/BatchNorm/beta (DT_FLOAT) [64]
resnet_v2_50/block1/unit_2/bottleneck_v2/conv1/BatchNorm/beta/Momentum (DT_FLOAT) [64]
resnet_v2_50/block3/unit_6/bottleneck_v2/conv3/weights/ExponentialMovingAverage (DT_FLOAT) [1,1,256,1024]
resnet_v2_50/block1/unit_3/bottleneck_v2/conv2/BatchNorm/gamma/Momentum (DT_FLOAT) [64]
resnet_v2_50/block2/unit_1/bottleneck_v2/conv2/BatchNorm/gamma (DT_FLOAT) [128]
resnet_v2_50/block1/unit_2/bottleneck_v2/conv2/BatchNorm/moving_mean/ExponentialMovingAverage (DT_FLOAT) [64]
resnet_v2_50/block2/unit_1/bottleneck_v2/conv2/BatchNorm/moving_mean/ExponentialMovingAverage (DT_FLOAT) [128]
resnet_v2_50/block4/unit_3/bottleneck_v2/conv1/weights (DT_FLOAT) [1,1,2048,512]
resnet_v2_50/block1/unit_2/bottleneck_v2/conv1/BatchNorm/gamma/ExponentialMovingAverage (DT_FLOAT) [64]
resnet_v2_50/block3/unit_2/bottleneck_v2/conv3/weights/ExponentialMovingAverage (DT_FLOAT) [1,1,256,1024]
resnet_v2_50/block1/unit_2/bottleneck_v2/conv1/BatchNorm/moving_mean (DT_FLOAT) [64]
resnet_v2_50/block3/unit_3/bottleneck_v2/conv1/BatchNorm/moving_mean/ExponentialMovingAverage (DT_FLOAT) [256]
resnet_v2_50/block1/unit_2/bottleneck_v2/conv1/BatchNorm/moving_variance (DT_FLOAT) [64]
resnet_v2_50/block1/unit_2/bottleneck_v2/conv1/BatchNorm/gamma (DT_FLOAT) [64]
resnet_v2_50/block2/unit_4/bottleneck_v2/preact/moving_variance (DT_FLOAT) [512]
resnet_v2_50/block1/unit_2/bottleneck_v2/conv2/weights (DT_FLOAT) [3,3,64,64]
resnet_v2_50/block1/unit_2/bottleneck_v2/conv1/BatchNorm/moving_variance/ExponentialMovingAverage (DT_FLOAT) [64]
resnet_v2_50/block4/unit_1/bottleneck_v2/conv3/biases (DT_FLOAT) [2048]
resnet_v2_50/block2/unit_1/bottleneck_v2/conv2/BatchNorm/beta/Momentum (DT_FLOAT) [128]
resnet_v2_50/block1/unit_1/bottleneck_v2/conv2/BatchNorm/gamma/Momentum (DT_FLOAT) [64]
resnet_v2_50/block3/unit_2/bottleneck_v2/conv1/BatchNorm/beta/ExponentialMovingAverage (DT_FLOAT) [256]
resnet_v2_50/block1/unit_2/bottleneck_v2/preact/beta (DT_FLOAT) [256]
resnet_v2_50/block1/unit_2/bottleneck_v2/preact/gamma/ExponentialMovingAverage (DT_FLOAT) [256]
resnet_v2_50/block2/unit_2/bottleneck_v2/conv1/BatchNorm/gamma (DT_FLOAT) [128]
resnet_v2_50/block1/unit_2/bottleneck_v2/conv2/BatchNorm/moving_variance (DT_FLOAT) [64]
resnet_v2_50/block1/unit_2/bottleneck_v2/conv3/biases/ExponentialMovingAverage (DT_FLOAT) [256]
resnet_v2_50/block1/unit_1/bottleneck_v2/preact/gamma/ExponentialMovingAverage (DT_FLOAT) [64]
resnet_v2_50/block3/unit_2/bottleneck_v2/conv2/BatchNorm/beta/ExponentialMovingAverage (DT_FLOAT) [256]
resnet_v2_50/block1/unit_1/bottleneck_v2/conv3/biases/ExponentialMovingAverage (DT_FLOAT) [256]
resnet_v2_50/block1/unit_2/bottleneck_v2/conv1/weights/Momentum (DT_FLOAT) [1,1,256,64]
resnet_v2_50/block4/unit_3/bottleneck_v2/conv2/BatchNorm/gamma (DT_FLOAT) [512]
resnet_v2_50/block1/unit_2/bottleneck_v2/conv2/BatchNorm/moving_mean (DT_FLOAT) [64]
resnet_v2_50/block4/unit_3/bottleneck_v2/conv3/weights/Momentum (DT_FLOAT) [1,1,512,2048]
resnet_v2_50/block3/unit_5/bottleneck_v2/conv2/weights/ExponentialMovingAverage (DT_FLOAT) [3,3,256,256]
resnet_v2_50/block1/unit_3/bottleneck_v2/conv2/BatchNorm/moving_variance (DT_FLOAT) [64]
resnet_v2_50/block2/unit_2/bottleneck_v2/conv3/biases (DT_FLOAT) [512]
resnet_v2_50/block2/unit_4/bottleneck_v2/conv2/BatchNorm/moving_mean (DT_FLOAT) [128]
resnet_v2_50/block1/unit_2/bottleneck_v2/conv2/BatchNorm/beta/ExponentialMovingAverage (DT_FLOAT) [64]
resnet_v2_50/block3/unit_5/bottleneck_v2/preact/beta (DT_FLOAT) [1024]
resnet_v2_50/block3/unit_1/bottleneck_v2/conv1/BatchNorm/gamma (DT_FLOAT) [256]
resnet_v2_50/block2/unit_2/bottleneck_v2/conv1/BatchNorm/gamma/Momentum (DT_FLOAT) [128]
resnet_v2_50/block2/unit_2/bottleneck_v2/conv2/BatchNorm/moving_mean (DT_FLOAT) [128]
resnet_v2_50/block3/unit_4/bottleneck_v2/conv2/BatchNorm/beta (DT_FLOAT) [256]
resnet_v2_50/block1/unit_1/bottleneck_v2/shortcut/weights/ExponentialMovingAverage (DT_FLOAT) [1,1,64,256]
resnet_v2_50/block2/unit_4/bottleneck_v2/conv1/BatchNorm/gamma (DT_FLOAT) [128]
resnet_v2_50/block4/unit_1/bottleneck_v2/conv1/BatchNorm/moving_mean (DT_FLOAT) [512]
resnet_v2_50/block3/unit_1/bottleneck_v2/conv3/biases (DT_FLOAT) [1024]
resnet_v2_50/block1/unit_2/bottleneck_v2/conv1/BatchNorm/moving_mean/ExponentialMovingAverage (DT_FLOAT) [64]
resnet_v2_50/block2/unit_1/bottleneck_v2/conv3/biases (DT_FLOAT) [512]
resnet_v2_50/block1/unit_2/bottleneck_v2/conv2/BatchNorm/beta/Momentum (DT_FLOAT) [64]
resnet_v2_50/block3/unit_2/bottleneck_v2/conv1/BatchNorm/moving_variance/ExponentialMovingAverage (DT_FLOAT) [256]
resnet_v2_50/block1/unit_2/bottleneck_v2/conv1/weights/ExponentialMovingAverage (DT_FLOAT) [1,1,256,64]
resnet_v2_50/block1/unit_2/bottleneck_v2/conv2/weights/ExponentialMovingAverage (DT_FLOAT) [3,3,64,64]
resnet_v2_50/block2/unit_1/bottleneck_v2/conv2/BatchNorm/beta (DT_FLOAT) [128]
resnet_v2_50/block1/unit_2/bottleneck_v2/conv3/biases (DT_FLOAT) [256]
resnet_v2_50/block3/unit_3/bottleneck_v2/conv1/BatchNorm/gamma/Momentum (DT_FLOAT) [256]
resnet_v2_50/block4/unit_3/bottleneck_v2/conv1/BatchNorm/beta/ExponentialMovingAverage (DT_FLOAT) [512]
resnet_v2_50/block1/unit_1/bottleneck_v2/conv2/BatchNorm/moving_variance/ExponentialMovingAverage (DT_FLOAT) [64]
resnet_v2_50/block1/unit_2/bottleneck_v2/preact/gamma/Momentum (DT_FLOAT) [256]
resnet_v2_50/block1/unit_1/bottleneck_v2/preact/moving_mean/ExponentialMovingAverage (DT_FLOAT) [64]
resnet_v2_50/block2/unit_1/bottleneck_v2/conv1/BatchNorm/gamma/ExponentialMovingAverage (DT_FLOAT) [128]
resnet_v2_50/block1/unit_1/bottleneck_v2/conv1/weights/ExponentialMovingAverage (DT_FLOAT) [1,1,64,64]
resnet_v2_50/block3/unit_4/bottleneck_v2/conv3/weights/ExponentialMovingAverage (DT_FLOAT) [1,1,256,1024]
resnet_v2_50/block3/unit_1/bottleneck_v2/conv2/BatchNorm/gamma/ExponentialMovingAverage (DT_FLOAT) [256]
resnet_v2_50/block1/unit_3/bottleneck_v2/conv1/BatchNorm/gamma (DT_FLOAT) [64]
resnet_v2_50/conv1/biases (DT_FLOAT) [64]
resnet_v2_50/block2/unit_1/bottleneck_v2/preact/beta/Momentum (DT_FLOAT) [256]
resnet_v2_50/block1/unit_3/bottleneck_v2/conv1/BatchNorm/gamma/ExponentialMovingAverage (DT_FLOAT) [64]
resnet_v2_50/block3/unit_6/bottleneck_v2/preact/moving_mean/ExponentialMovingAverage (DT_FLOAT) [1024]
resnet_v2_50/block1/unit_2/bottleneck_v2/preact/beta/ExponentialMovingAverage (DT_FLOAT) [256]
resnet_v2_50/block3/unit_3/bottleneck_v2/conv1/BatchNorm/beta (DT_FLOAT) [256]
resnet_v2_50/block3/unit_4/bottleneck_v2/preact/beta/Momentum (DT_FLOAT) [1024]
resnet_v2_50/block1/unit_2/bottleneck_v2/preact/moving_mean (DT_FLOAT) [256]
resnet_v2_50/block2/unit_1/bottleneck_v2/preact/gamma/ExponentialMovingAverage (DT_FLOAT) [256]
resnet_v2_50/block3/unit_1/bottleneck_v2/preact/moving_mean/ExponentialMovingAverage (DT_FLOAT) [512]
resnet_v2_50/block1/unit_2/bottleneck_v2/preact/moving_variance (DT_FLOAT) [256]
resnet_v2_50/block1/unit_1/bottleneck_v2/conv2/weights/ExponentialMovingAverage (DT_FLOAT) [3,3,64,64]
resnet_v2_50/block2/unit_4/bottleneck_v2/conv1/weights (DT_FLOAT) [1,1,512,128]
resnet_v2_50/block2/unit_2/bottleneck_v2/conv2/BatchNorm/gamma/ExponentialMovingAverage (DT_FLOAT) [128]
resnet_v2_50/block1/unit_1/bottleneck_v2/conv3/biases/Momentum (DT_FLOAT) [256]
resnet_v2_50/block2/unit_2/bottleneck_v2/conv2/BatchNorm/moving_mean/ExponentialMovingAverage (DT_FLOAT) [128]
resnet_v2_50/block2/unit_2/bottleneck_v2/conv2/weights (DT_FLOAT) [3,3,128,128]
resnet_v2_50/block3/unit_5/bottleneck_v2/conv1/BatchNorm/moving_variance/ExponentialMovingAverage (DT_FLOAT) [256]
resnet_v2_50/block2/unit_2/bottleneck_v2/conv2/weights/ExponentialMovingAverage (DT_FLOAT) [3,3,128,128]
resnet_v2_50/block2/unit_2/bottleneck_v2/conv3/weights (DT_FLOAT) [1,1,128,512]
resnet_v2_50/block2/unit_2/bottleneck_v2/conv3/weights/Momentum (DT_FLOAT) [1,1,128,512]
resnet_v2_50/block4/unit_3/bottleneck_v2/conv1/BatchNorm/gamma/Momentum (DT_FLOAT) [512]
resnet_v2_50/block2/unit_2/bottleneck_v2/preact/moving_variance (DT_FLOAT) [512]
resnet_v2_50/block3/unit_3/bottleneck_v2/conv3/weights/ExponentialMovingAverage (DT_FLOAT) [1,1,256,1024]
resnet_v2_50/block1/unit_2/bottleneck_v2/preact/beta/Momentum (DT_FLOAT) [256]
resnet_v2_50/block2/unit_2/bottleneck_v2/conv2/BatchNorm/moving_variance (DT_FLOAT) [128]
resnet_v2_50/block2/unit_4/bottleneck_v2/conv1/BatchNorm/moving_mean/ExponentialMovingAverage (DT_FLOAT) [128]
resnet_v2_50/block3/unit_2/bottleneck_v2/conv3/weights/Momentum (DT_FLOAT) [1,1,256,1024]
resnet_v2_50/block2/unit_2/bottleneck_v2/preact/beta (DT_FLOAT) [512]
resnet_v2_50/block3/unit_1/bottleneck_v2/conv1/BatchNorm/moving_mean (DT_FLOAT) [256]
resnet_v2_50/block2/unit_2/bottleneck_v2/preact/beta/ExponentialMovingAverage (DT_FLOAT) [512]
resnet_v2_50/block2/unit_2/bottleneck_v2/preact/beta/Momentum (DT_FLOAT) [512]
resnet_v2_50/block4/unit_3/bottleneck_v2/conv1/BatchNorm/gamma (DT_FLOAT) [512]
resnet_v2_50/block4/unit_2/bottleneck_v2/preact/beta/Momentum (DT_FLOAT) [2048]
resnet_v2_50/block2/unit_2/bottleneck_v2/preact/gamma (DT_FLOAT) [512]
resnet_v2_50/block2/unit_3/bottleneck_v2/conv1/BatchNorm/beta/ExponentialMovingAverage (DT_FLOAT) [128]
resnet_v2_50/block2/unit_2/bottleneck_v2/preact/gamma/ExponentialMovingAverage (DT_FLOAT) [512]
resnet_v2_50/block3/unit_6/bottleneck_v2/conv1/weights/Momentum (DT_FLOAT) [1,1,1024,256]
resnet_v2_50/block2/unit_4/bottleneck_v2/conv3/biases/ExponentialMovingAverage (DT_FLOAT) [512]
resnet_v2_50/block2/unit_2/bottleneck_v2/preact/gamma/Momentum (DT_FLOAT) [512]
resnet_v2_50/block2/unit_2/bottleneck_v2/preact/moving_mean (DT_FLOAT) [512]
resnet_v2_50/block4/unit_2/bottleneck_v2/conv3/weights (DT_FLOAT) [1,1,512,2048]
resnet_v2_50/block4/unit_2/bottleneck_v2/conv2/BatchNorm/gamma/ExponentialMovingAverage (DT_FLOAT) [512]
resnet_v2_50/block2/unit_2/bottleneck_v2/preact/moving_mean/ExponentialMovingAverage (DT_FLOAT) [512]
resnet_v2_50/block3/unit_1/bottleneck_v2/conv2/BatchNorm/gamma/Momentum (DT_FLOAT) [256]
resnet_v2_50/block2/unit_2/bottleneck_v2/preact/moving_variance/ExponentialMovingAverage (DT_FLOAT) [512]
resnet_v2_50/block3/unit_3/bottleneck_v2/preact/beta (DT_FLOAT) [1024]
resnet_v2_50/block3/unit_2/bottleneck_v2/preact/moving_variance (DT_FLOAT) [1024]
resnet_v2_50/block2/unit_3/bottleneck_v2/conv1/BatchNorm/beta (DT_FLOAT) [128]
resnet_v2_50/block2/unit_3/bottleneck_v2/conv1/BatchNorm/gamma (DT_FLOAT) [128]
resnet_v2_50/block2/unit_3/bottleneck_v2/conv1/BatchNorm/gamma/ExponentialMovingAverage (DT_FLOAT) [128]
resnet_v2_50/block3/unit_4/bottleneck_v2/conv2/weights/ExponentialMovingAverage (DT_FLOAT) [3,3,256,256]
resnet_v2_50/block2/unit_3/bottleneck_v2/conv1/BatchNorm/gamma/Momentum (DT_FLOAT) [128]
resnet_v2_50/block4/unit_1/bottleneck_v2/conv2/BatchNorm/beta/Momentum (DT_FLOAT) [512]
resnet_v2_50/block2/unit_3/bottleneck_v2/conv1/BatchNorm/moving_mean (DT_FLOAT) [128]
resnet_v2_50/block3/unit_5/bottleneck_v2/conv1/BatchNorm/moving_mean (DT_FLOAT) [256]
resnet_v2_50/block2/unit_3/bottleneck_v2/conv1/BatchNorm/moving_mean/ExponentialMovingAverage (DT_FLOAT) [128]
resnet_v2_50/block3/unit_3/bottleneck_v2/conv1/weights/Momentum (DT_FLOAT) [1,1,1024,256]
resnet_v2_50/block2/unit_3/bottleneck_v2/conv1/BatchNorm/moving_variance/ExponentialMovingAverage (DT_FLOAT) [128]
resnet_v2_50/block2/unit_4/bottleneck_v2/conv2/BatchNorm/gamma/Momentum (DT_FLOAT) [128]
resnet_v2_50/block2/unit_3/bottleneck_v2/conv2/BatchNorm/moving_variance/ExponentialMovingAverage (DT_FLOAT) [128]
resnet_v2_50/block2/unit_3/bottleneck_v2/conv1/weights (DT_FLOAT) [1,1,512,128]
resnet_v2_50/block2/unit_3/bottleneck_v2/conv1/weights/ExponentialMovingAverage (DT_FLOAT) [1,1,512,128]
resnet_v2_50/block2/unit_3/bottleneck_v2/conv1/weights/Momentum (DT_FLOAT) [1,1,512,128]
resnet_v2_50/block4/unit_2/bottleneck_v2/conv1/BatchNorm/gamma/Momentum (DT_FLOAT) [512]
resnet_v2_50/block2/unit_3/bottleneck_v2/conv2/BatchNorm/beta (DT_FLOAT) [128]
resnet_v2_50/block2/unit_3/bottleneck_v2/conv2/BatchNorm/beta/Momentum (DT_FLOAT) [128]
resnet_v2_50/block1/unit_3/bottleneck_v2/preact/moving_variance (DT_FLOAT) [256]
resnet_v2_50/block2/unit_3/bottleneck_v2/conv2/BatchNorm/gamma/ExponentialMovingAverage (DT_FLOAT) [128]
resnet_v2_50/block4/unit_1/bottleneck_v2/conv3/weights/Momentum (DT_FLOAT) [1,1,512,2048]
resnet_v2_50/block2/unit_3/bottleneck_v2/conv2/BatchNorm/moving_mean (DT_FLOAT) [128]
resnet_v2_50/block2/unit_3/bottleneck_v2/conv2/BatchNorm/moving_mean/ExponentialMovingAverage (DT_FLOAT) [128]
resnet_v2_50/block3/unit_5/bottleneck_v2/conv3/weights/Momentum (DT_FLOAT) [1,1,256,1024]
resnet_v2_50/block3/unit_2/bottleneck_v2/conv2/BatchNorm/moving_variance/ExponentialMovingAverage (DT_FLOAT) [256]
resnet_v2_50/block2/unit_3/bottleneck_v2/conv2/weights (DT_FLOAT) [3,3,128,128]
resnet_v2_50/block2/unit_3/bottleneck_v2/conv2/weights/ExponentialMovingAverage (DT_FLOAT) [3,3,128,128]
resnet_v2_50/block2/unit_3/bottleneck_v2/conv3/biases (DT_FLOAT) [512]
resnet_v2_50/block3/unit_5/bottleneck_v2/preact/gamma/ExponentialMovingAverage (DT_FLOAT) [1024]
resnet_v2_50/block3/unit_1/bottleneck_v2/conv3/biases/ExponentialMovingAverage (DT_FLOAT) [1024]
resnet_v2_50/block1/unit_3/bottleneck_v2/conv1/BatchNorm/moving_mean (DT_FLOAT) [64]
resnet_v2_50/block2/unit_3/bottleneck_v2/conv3/biases/Momentum (DT_FLOAT) [512]
resnet_v2_50/block2/unit_3/bottleneck_v2/conv3/weights (DT_FLOAT) [1,1,128,512]
resnet_v2_50/block2/unit_3/bottleneck_v2/conv3/weights/Momentum (DT_FLOAT) [1,1,128,512]
resnet_v2_50/block2/unit_2/bottleneck_v2/conv1/BatchNorm/beta (DT_FLOAT) [128]
resnet_v2_50/block2/unit_3/bottleneck_v2/preact/beta/ExponentialMovingAverage (DT_FLOAT) [512]
resnet_v2_50/block2/unit_3/bottleneck_v2/preact/gamma (DT_FLOAT) [512]
resnet_v2_50/block2/unit_3/bottleneck_v2/preact/gamma/ExponentialMovingAverage (DT_FLOAT) [512]
resnet_v2_50/block2/unit_3/bottleneck_v2/preact/moving_variance/ExponentialMovingAverage (DT_FLOAT) [512]
resnet_v2_50/block2/unit_3/bottleneck_v2/preact/beta/Momentum (DT_FLOAT) [512]
resnet_v2_50/block2/unit_4/bottleneck_v2/conv1/BatchNorm/beta (DT_FLOAT) [128]
resnet_v2_50/block2/unit_4/bottleneck_v2/conv1/BatchNorm/moving_mean (DT_FLOAT) [128]
resnet_v2_50/block2/unit_4/bottleneck_v2/conv1/BatchNorm/moving_variance (DT_FLOAT) [128]
resnet_v2_50/block1/unit_2/bottleneck_v2/conv1/BatchNorm/beta/ExponentialMovingAverage (DT_FLOAT) [64]
resnet_v2_50/block2/unit_4/bottleneck_v2/conv1/weights/ExponentialMovingAverage (DT_FLOAT) [1,1,512,128]
resnet_v2_50/block3/unit_3/bottleneck_v2/conv2/weights/ExponentialMovingAverage (DT_FLOAT) [3,3,256,256]
resnet_v2_50/block2/unit_4/bottleneck_v2/preact/gamma/Momentum (DT_FLOAT) [512]
resnet_v2_50/block4/unit_1/bottleneck_v2/preact/gamma/ExponentialMovingAverage (DT_FLOAT) [1024]
resnet_v2_50/block2/unit_4/bottleneck_v2/conv2/BatchNorm/beta (DT_FLOAT) [128]
resnet_v2_50/block4/unit_2/bottleneck_v2/conv1/BatchNorm/moving_variance/ExponentialMovingAverage (DT_FLOAT) [512]
resnet_v2_50/block2/unit_4/bottleneck_v2/conv2/BatchNorm/beta/ExponentialMovingAverage (DT_FLOAT) [128]
resnet_v2_50/block2/unit_4/bottleneck_v2/conv2/BatchNorm/beta/Momentum (DT_FLOAT) [128]
resnet_v2_50/block4/unit_3/bottleneck_v2/conv2/BatchNorm/beta (DT_FLOAT) [512]
resnet_v2_50/block1/unit_2/bottleneck_v2/preact/moving_variance/ExponentialMovingAverage (DT_FLOAT) [256]
resnet_v2_50/block2/unit_4/bottleneck_v2/conv1/BatchNorm/beta/ExponentialMovingAverage (DT_FLOAT) [128]
resnet_v2_50/block2/unit_4/bottleneck_v2/conv2/BatchNorm/gamma/ExponentialMovingAverage (DT_FLOAT) [128]
resnet_v2_50/block2/unit_3/bottleneck_v2/conv3/weights/ExponentialMovingAverage (DT_FLOAT) [1,1,128,512]
resnet_v2_50/block3/unit_2/bottleneck_v2/conv1/weights (DT_FLOAT) [1,1,1024,256]
resnet_v2_50/block3/unit_2/bottleneck_v2/conv1/weights/ExponentialMovingAverage (DT_FLOAT) [1,1,1024,256]
resnet_v2_50/block2/unit_4/bottleneck_v2/preact/beta (DT_FLOAT) [512]
resnet_v2_50/block2/unit_4/bottleneck_v2/conv2/BatchNorm/moving_mean/ExponentialMovingAverage (DT_FLOAT) [128]
resnet_v2_50/block3/unit_4/bottleneck_v2/preact/gamma/ExponentialMovingAverage (DT_FLOAT) [1024]
resnet_v2_50/block2/unit_4/bottleneck_v2/conv2/BatchNorm/moving_variance (DT_FLOAT) [128]
resnet_v2_50/block3/unit_4/bottleneck_v2/conv2/BatchNorm/gamma/Momentum (DT_FLOAT) [256]
resnet_v2_50/block3/unit_2/bottleneck_v2/conv2/BatchNorm/beta (DT_FLOAT) [256]
resnet_v2_50/block4/unit_1/bottleneck_v2/shortcut/biases (DT_FLOAT) [2048]
resnet_v2_50/block2/unit_4/bottleneck_v2/conv2/weights (DT_FLOAT) [3,3,128,128]
resnet_v2_50/block1/unit_3/bottleneck_v2/conv2/weights (DT_FLOAT) [3,3,64,64]
resnet_v2_50/block3/unit_2/bottleneck_v2/conv3/weights (DT_FLOAT) [1,1,256,1024]
resnet_v2_50/block2/unit_4/bottleneck_v2/conv3/biases (DT_FLOAT) [512]
resnet_v2_50/block2/unit_4/bottleneck_v2/conv2/weights/ExponentialMovingAverage (DT_FLOAT) [3,3,128,128]
resnet_v2_50/block3/unit_1/bottleneck_v2/preact/gamma/Momentum (DT_FLOAT) [512]
resnet_v2_50/block2/unit_4/bottleneck_v2/conv2/weights/Momentum (DT_FLOAT) [3,3,128,128]
resnet_v2_50/conv1/biases/Momentum (DT_FLOAT) [64]
resnet_v2_50/block3/unit_2/bottleneck_v2/preact/gamma/ExponentialMovingAverage (DT_FLOAT) [1024]
resnet_v2_50/block4/unit_1/bottleneck_v2/shortcut/weights/ExponentialMovingAverage (DT_FLOAT) [1,1,1024,2048]
resnet_v2_50/block2/unit_4/bottleneck_v2/conv3/biases/Momentum (DT_FLOAT) [512]
resnet_v2_50/block2/unit_3/bottleneck_v2/preact/gamma/Momentum (DT_FLOAT) [512]
resnet_v2_50/block2/unit_4/bottleneck_v2/conv3/weights (DT_FLOAT) [1,1,128,512]
resnet_v2_50/block1/unit_2/bottleneck_v2/conv3/biases/Momentum (DT_FLOAT) [256]
resnet_v2_50/block2/unit_4/bottleneck_v2/conv3/weights/Momentum (DT_FLOAT) [1,1,128,512]
resnet_v2_50/block2/unit_4/bottleneck_v2/preact/beta/ExponentialMovingAverage (DT_FLOAT) [512]
resnet_v2_50/block2/unit_4/bottleneck_v2/preact/beta/Momentum (DT_FLOAT) [512]
resnet_v2_50/block2/unit_4/bottleneck_v2/preact/gamma (DT_FLOAT) [512]
resnet_v2_50/block2/unit_4/bottleneck_v2/preact/gamma/ExponentialMovingAverage (DT_FLOAT) [512]
resnet_v2_50/block3/unit_2/bottleneck_v2/preact/gamma/Momentum (DT_FLOAT) [1024]
resnet_v2_50/block1/unit_2/bottleneck_v2/conv1/weights (DT_FLOAT) [1,1,256,64]
resnet_v2_50/block2/unit_4/bottleneck_v2/preact/moving_mean (DT_FLOAT) [512]
resnet_v2_50/block2/unit_4/bottleneck_v2/preact/moving_variance/ExponentialMovingAverage (DT_FLOAT) [512]
resnet_v2_50/block2/unit_4/bottleneck_v2/conv1/BatchNorm/gamma/ExponentialMovingAverage (DT_FLOAT) [128]
resnet_v2_50/block3/unit_1/bottleneck_v2/conv1/BatchNorm/moving_mean/ExponentialMovingAverage (DT_FLOAT) [256]
resnet_v2_50/block4/unit_1/bottleneck_v2/conv2/BatchNorm/gamma/Momentum (DT_FLOAT) [512]
resnet_v2_50/block3/unit_1/bottleneck_v2/conv1/BatchNorm/beta/ExponentialMovingAverage (DT_FLOAT) [256]
resnet_v2_50/block1/unit_1/bottleneck_v2/shortcut/weights (DT_FLOAT) [1,1,64,256]
resnet_v2_50/block3/unit_1/bottleneck_v2/conv1/BatchNorm/gamma/ExponentialMovingAverage (DT_FLOAT) [256]
resnet_v2_50/block1/unit_3/bottleneck_v2/conv2/weights/Momentum (DT_FLOAT) [3,3,64,64]
resnet_v2_50/block3/unit_2/bottleneck_v2/conv1/BatchNorm/moving_variance (DT_FLOAT) [256]
resnet_v2_50/block3/unit_5/bottleneck_v2/conv3/biases/Momentum (DT_FLOAT) [1024]
resnet_v2_50/block3/unit_1/bottleneck_v2/conv1/BatchNorm/gamma/Momentum (DT_FLOAT) [256]
resnet_v2_50/block2/unit_1/bottleneck_v2/conv2/weights/ExponentialMovingAverage (DT_FLOAT) [3,3,128,128]
resnet_v2_50/block3/unit_1/bottleneck_v2/conv1/BatchNorm/moving_variance/ExponentialMovingAverage (DT_FLOAT) [256]
resnet_v2_50/block3/unit_1/bottleneck_v2/conv1/weights/ExponentialMovingAverage (DT_FLOAT) [1,1,512,256]
resnet_v2_50/block3/unit_1/bottleneck_v2/conv2/BatchNorm/gamma (DT_FLOAT) [256]
resnet_v2_50/block3/unit_1/bottleneck_v2/conv1/weights/Momentum (DT_FLOAT) [1,1,512,256]
resnet_v2_50/block2/unit_4/bottleneck_v2/conv2/BatchNorm/gamma (DT_FLOAT) [128]
resnet_v2_50/block3/unit_1/bottleneck_v2/conv2/BatchNorm/beta (DT_FLOAT) [256]
resnet_v2_50/block3/unit_2/bottleneck_v2/conv2/BatchNorm/beta/Momentum (DT_FLOAT) [256]
resnet_v2_50/block3/unit_2/bottleneck_v2/conv1/BatchNorm/beta/Momentum (DT_FLOAT) [256]
resnet_v2_50/block2/unit_4/bottleneck_v2/conv3/weights/ExponentialMovingAverage (DT_FLOAT) [1,1,128,512]
resnet_v2_50/block3/unit_1/bottleneck_v2/conv2/BatchNorm/beta/ExponentialMovingAverage (DT_FLOAT) [256]
resnet_v2_50/block3/unit_1/bottleneck_v2/conv2/BatchNorm/moving_mean/ExponentialMovingAverage (DT_FLOAT) [256]
resnet_v2_50/block3/unit_6/bottleneck_v2/preact/moving_variance/ExponentialMovingAverage (DT_FLOAT) [1024]
resnet_v2_50/block3/unit_1/bottleneck_v2/conv2/weights/ExponentialMovingAverage (DT_FLOAT) [3,3,256,256]
resnet_v2_50/block2/unit_2/bottleneck_v2/conv1/BatchNorm/moving_variance/ExponentialMovingAverage (DT_FLOAT) [128]
resnet_v2_50/block3/unit_1/bottleneck_v2/conv3/weights (DT_FLOAT) [1,1,256,1024]
resnet_v2_50/block3/unit_3/bottleneck_v2/conv3/biases/ExponentialMovingAverage (DT_FLOAT) [1024]
resnet_v2_50/block3/unit_1/bottleneck_v2/conv2/weights/Momentum (DT_FLOAT) [3,3,256,256]
resnet_v2_50/block4/unit_1/bottleneck_v2/conv2/BatchNorm/gamma (DT_FLOAT) [512]
resnet_v2_50/block1/unit_1/bottleneck_v2/conv3/weights/ExponentialMovingAverage (DT_FLOAT) [1,1,64,256]
resnet_v2_50/block3/unit_1/bottleneck_v2/conv3/weights/ExponentialMovingAverage (DT_FLOAT) [1,1,256,1024]
resnet_v2_50/block4/unit_1/bottleneck_v2/conv2/BatchNorm/gamma/ExponentialMovingAverage (DT_FLOAT) [512]
resnet_v2_50/block1/unit_3/bottleneck_v2/conv2/BatchNorm/moving_mean (DT_FLOAT) [64]
resnet_v2_50/block3/unit_1/bottleneck_v2/shortcut/weights/Momentum (DT_FLOAT) [1,1,512,1024]
resnet_v2_50/block3/unit_1/bottleneck_v2/preact/beta (DT_FLOAT) [512]
resnet_v2_50/block3/unit_1/bottleneck_v2/preact/beta/ExponentialMovingAverage (DT_FLOAT) [512]
resnet_v2_50/block4/unit_3/bottleneck_v2/conv2/BatchNorm/beta/ExponentialMovingAverage (DT_FLOAT) [512]
resnet_v2_50/block3/unit_1/bottleneck_v2/preact/beta/Momentum (DT_FLOAT) [512]
resnet_v2_50/block3/unit_1/bottleneck_v2/preact/gamma (DT_FLOAT) [512]
resnet_v2_50/block4/unit_2/bottleneck_v2/preact/moving_mean (DT_FLOAT) [2048]
resnet_v2_50/block3/unit_2/bottleneck_v2/preact/moving_mean (DT_FLOAT) [1024]
resnet_v2_50/block4/unit_1/bottleneck_v2/conv1/BatchNorm/beta/Momentum (DT_FLOAT) [512]
resnet_v2_50/block1/unit_3/bottleneck_v2/conv3/weights (DT_FLOAT) [1,1,64,256]
resnet_v2_50/block3/unit_1/bottleneck_v2/conv2/weights (DT_FLOAT) [3,3,256,256]
resnet_v2_50/block2/unit_3/bottleneck_v2/conv2/weights/Momentum (DT_FLOAT) [3,3,128,128]
resnet_v2_50/block3/unit_1/bottleneck_v2/preact/gamma/ExponentialMovingAverage (DT_FLOAT) [512]
resnet_v2_50/block4/unit_3/bottleneck_v2/preact/gamma/ExponentialMovingAverage (DT_FLOAT) [2048]
resnet_v2_50/block3/unit_1/bottleneck_v2/preact/moving_mean (DT_FLOAT) [512]
resnet_v2_50/block3/unit_6/bottleneck_v2/conv2/BatchNorm/moving_variance (DT_FLOAT) [256]
resnet_v2_50/block1/unit_2/bottleneck_v2/conv3/weights (DT_FLOAT) [1,1,64,256]
resnet_v2_50/block3/unit_1/bottleneck_v2/preact/moving_variance (DT_FLOAT) [512]
resnet_v2_50/block4/unit_1/bottleneck_v2/preact/beta/ExponentialMovingAverage (DT_FLOAT) [1024]
resnet_v2_50/block3/unit_1/bottleneck_v2/shortcut/biases/Momentum (DT_FLOAT) [1024]
resnet_v2_50/block1/unit_1/bottleneck_v2/shortcut/biases/Momentum (DT_FLOAT) [256]
resnet_v2_50/block3/unit_1/bottleneck_v2/shortcut/weights/ExponentialMovingAverage (DT_FLOAT) [1,1,512,1024]
resnet_v2_50/block2/unit_3/bottleneck_v2/preact/moving_mean/ExponentialMovingAverage (DT_FLOAT) [512]
resnet_v2_50/block3/unit_2/bottleneck_v2/conv3/biases (DT_FLOAT) [1024]
resnet_v2_50/block3/unit_2/bottleneck_v2/conv1/BatchNorm/gamma/Momentum (DT_FLOAT) [256]
resnet_v2_50/block3/unit_2/bottleneck_v2/conv2/BatchNorm/gamma (DT_FLOAT) [256]
resnet_v2_50/block3/unit_2/bottleneck_v2/conv1/BatchNorm/gamma/ExponentialMovingAverage (DT_FLOAT) [256]
resnet_v2_50/block3/unit_2/bottleneck_v2/conv2/BatchNorm/gamma/ExponentialMovingAverage (DT_FLOAT) [256]
resnet_v2_50/block4/unit_1/bottleneck_v2/shortcut/weights/Momentum (DT_FLOAT) [1,1,1024,2048]
resnet_v2_50/block3/unit_2/bottleneck_v2/conv2/BatchNorm/gamma/Momentum (DT_FLOAT) [256]
resnet_v2_50/block3/unit_2/bottleneck_v2/conv2/BatchNorm/moving_mean (DT_FLOAT) [256]
resnet_v2_50/block3/unit_2/bottleneck_v2/conv2/BatchNorm/moving_variance (DT_FLOAT) [256]
resnet_v2_50/block3/unit_5/bottleneck_v2/preact/moving_mean (DT_FLOAT) [1024]
resnet_v2_50/block3/unit_2/bottleneck_v2/conv2/weights (DT_FLOAT) [3,3,256,256]
resnet_v2_50/block3/unit_2/bottleneck_v2/conv2/weights/ExponentialMovingAverage (DT_FLOAT) [3,3,256,256]
resnet_v2_50/block3/unit_3/bottleneck_v2/preact/moving_variance/ExponentialMovingAverage (DT_FLOAT) [1024]
resnet_v2_50/block3/unit_2/bottleneck_v2/conv2/weights/Momentum (DT_FLOAT) [3,3,256,256]
resnet_v2_50/block3/unit_2/bottleneck_v2/conv3/biases/ExponentialMovingAverage (DT_FLOAT) [1024]
resnet_v2_50/block3/unit_5/bottleneck_v2/conv3/weights/ExponentialMovingAverage (DT_FLOAT) [1,1,256,1024]
resnet_v2_50/block3/unit_2/bottleneck_v2/conv3/biases/Momentum (DT_FLOAT) [1024]
resnet_v2_50/block3/unit_2/bottleneck_v2/preact/beta/Momentum (DT_FLOAT) [1024]
resnet_v2_50/block4/unit_1/bottleneck_v2/conv1/weights (DT_FLOAT) [1,1,1024,512]
resnet_v2_50/block2/unit_4/bottleneck_v2/conv1/BatchNorm/beta/Momentum (DT_FLOAT) [128]
resnet_v2_50/block3/unit_2/bottleneck_v2/preact/moving_variance/ExponentialMovingAverage (DT_FLOAT) [1024]
resnet_v2_50/block3/unit_3/bottleneck_v2/conv1/BatchNorm/beta/ExponentialMovingAverage (DT_FLOAT) [256]
resnet_v2_50/block3/unit_3/bottleneck_v2/conv1/BatchNorm/gamma/ExponentialMovingAverage (DT_FLOAT) [256]
resnet_v2_50/block3/unit_3/bottleneck_v2/conv1/BatchNorm/moving_variance (DT_FLOAT) [256]
resnet_v2_50/block2/unit_2/bottleneck_v2/conv1/weights (DT_FLOAT) [1,1,512,128]
resnet_v2_50/block2/unit_1/bottleneck_v2/shortcut/weights (DT_FLOAT) [1,1,256,512]
resnet_v2_50/block3/unit_3/bottleneck_v2/conv1/BatchNorm/moving_variance/ExponentialMovingAverage (DT_FLOAT) [256]

